Running main() from gtest_main.cc
[==========] Running 4 tests from 1 test case.
[----------] Global test environment set-up.
[----------] 4 tests from NextDateTest
[ RUN      ] NextDateTest.BoundaryValueTesting
../samples/NextDate_Test.cpp:14: Failure
Value of: "2012/1/31"
Expected: TellNextDate(2012,1,30)
Which is: "Invalid Input"
../samples/NextDate_Test.cpp:15: Failure
Value of: "1813/2/1"
Expected: TellNextDate(1813,1,31)
Which is: "Invalid Input"
[  FAILED  ] NextDateTest.BoundaryValueTesting (0 ms)
[ RUN      ] NextDateTest.EquivalenceClassTesting
../samples/NextDate_Test.cpp:26: Failure
Value of: "Invalid Input"
Expected: TellNextDate(2002,2,30)
Which is: "2002/2/31"
../samples/NextDate_Test.cpp:27: Failure
Value of: "Invalid Input"
Expected: TellNextDate(2000,6,31)
Which is: "2000/7/1"
[  FAILED  ] NextDateTest.EquivalenceClassTesting (0 ms)
[ RUN      ] NextDateTest.EdgeTesting
../samples/NextDate_Test.cpp:35: Failure
Value of: "1813/2/1"
Expected: TellNextDate(1813,1,31)
Which is: "Invalid Input"
../samples/NextDate_Test.cpp:36: Failure
Value of: "2000/3/1"
Expected: TellNextDate(2000,2,29)
Which is: "2000/2/30"
../samples/NextDate_Test.cpp:38: Failure
Value of: "Invalid Input"
Expected: TellNextDate(1991,9,31)
Which is: "1991/10/1"
[  FAILED  ] NextDateTest.EdgeTesting (0 ms)
[ RUN      ] NextDateTest.DecisionTableTest
../samples/NextDate_Test.cpp:47: Failure
Value of: "2001/5/1"
Expected: TellNextDate(2001,4,30)
Which is: "2001/4/31"
../samples/NextDate_Test.cpp:48: Failure
Value of: "Invalid Input"
Expected: TellNextDate(2001,4,31)
Which is: "2001/5/1"
../samples/NextDate_Test.cpp:49: Failure
Value of: "Invalid Input"
Expected: TellNextDate(2001,2,29)
Which is: "2001/2/30"
../samples/NextDate_Test.cpp:50: Failure
Value of: "Invalid Input"
Expected: TellNextDate(2001,2,30)
Which is: "2001/2/31"
../samples/NextDate_Test.cpp:51: Failure
Value of: "2004/3/1"
Expected: TellNextDate(2004,2,29)
Which is: "2004/2/30"
[  FAILED  ] NextDateTest.DecisionTableTest (0 ms)
[----------] 4 tests from NextDateTest (0 ms total)

[----------] Global test environment tear-down
[==========] 4 tests from 1 test case ran. (0 ms total)
[  PASSED  ] 0 tests.
[  FAILED  ] 4 tests, listed below:
[  FAILED  ] NextDateTest.BoundaryValueTesting
[  FAILED  ] NextDateTest.EquivalenceClassTesting
[  FAILED  ] NextDateTest.EdgeTesting
[  FAILED  ] NextDateTest.DecisionTableTest

 4 FAILED TESTS
