        -:    0:Source:../samples/triangle.cpp
        -:    0:Graph:triangle.gcno
        -:    0:Data:triangle.gcda
        -:    0:Runs:1
        -:    0:Programs:1
        -:    1:#include<cstdio>
        -:    2:#include<cstdlib>
        -:    3:#include<cmath>
        -:    4:#include<cstring>
        -:    5:#include<string>
        -:    6:
        -:    7:using namespace std;
        -:    8:
       21:    9:string IsTriangle(int a, int b, int c)
        -:   10:{
       21:   11:	if(a<=0||a>200)
        1:   12:		return "Not a Triangle";
       20:   13:	if(b<=0||b>200)
    #####:   14:		return "Not a Triangle";
       20:   15:	if(c<=0||c>200)
    #####:   16:		return "Not a Triangle";
       20:   17:	if((a<b+c)&&(b<a+c)&&(c<a+b))
        -:   18:	{
       15:   19:		if(a==b&&b==c)
        -:   20:		{
        6:   21:			return "Equilateral";
        -:   22:		}
        9:   23:		else if(a!=b&&a!=c&&b!=c)
        -:   24:		{
        4:   25:			return "Scalene";
        -:   26:		}
        -:   27:		else
        -:   28:		{
        5:   29:			return "Isosceles";
        -:   30:		}
        -:   31:	}
        -:   32:	else
        -:   33:	{
        5:   34:		return "Not a Triangle";
        -:   35:	}
        -:   36:	return "Error";
        -:   37:}
